2018-08-02 17:06:27,285 [INFO] from application in play-dev-mode-akka.actor.default-dispatcher-3 - Creating Pool for datasource 'default'
2018-08-02 17:06:27,565 [INFO] from play.api.db.HikariCPConnectionPool in play-dev-mode-akka.actor.default-dispatcher-3 - datasource [default] bound to JNDI as DefaultDS
2018-08-02 17:06:27,577 [INFO] from play.api.db.DefaultDBApi in play-dev-mode-akka.actor.default-dispatcher-3 - Database [default] connected at jdbc:h2:mem:play
2018-08-02 17:06:28,676 [INFO] from play.api.http.EnabledFilters in play-dev-mode-akka.actor.default-dispatcher-3 - Enabled Filters (see <https://www.playframework.com/documentation/latest/Filters>):

    play.filters.cors.CORSFilter

2018-08-02 17:06:28,866 [INFO] from play.api.Play in play-dev-mode-akka.actor.default-dispatcher-3 - Application started (Dev)
2018-08-02 20:16:57,013 [WARN] from com.zaxxer.hikari.pool.HikariPool in HikariPool-1 housekeeper - HikariPool-1 - Thread starvation or clock leap detected (housekeeper delta=3h29s306ms).
2018-08-03 00:00:06,462 [WARN] from com.zaxxer.hikari.pool.HikariPool in HikariPool-1 housekeeper - HikariPool-1 - Thread starvation or clock leap detected (housekeeper delta=3h43m9s440ms).
2018-08-03 10:07:40,465 [WARN] from com.zaxxer.hikari.pool.HikariPool in HikariPool-1 housekeeper - HikariPool-1 - Thread starvation or clock leap detected (housekeeper delta=10h7m3s978ms).
2018-08-03 10:08:09,654 [WARN] from com.zaxxer.hikari.pool.HikariPool in HikariPool-1 housekeeper - HikariPool-1 - Retrograde clock change detected (housekeeper delta=29s195ms), soft-evicting connections from pool.
2018-08-03 10:20:40,286 [WARN] from com.zaxxer.hikari.pool.HikariPool in HikariPool-1 housekeeper - HikariPool-1 - Thread starvation or clock leap detected (housekeeper delta=1m30s498ms).
2018-08-03 10:27:29,802 [WARN] from com.zaxxer.hikari.pool.HikariPool in HikariPool-1 housekeeper - HikariPool-1 - Thread starvation or clock leap detected (housekeeper delta=6m49s517ms).
2018-08-03 10:40:44,773 [WARN] from com.zaxxer.hikari.pool.HikariPool in HikariPool-1 housekeeper - HikariPool-1 - Thread starvation or clock leap detected (housekeeper delta=13m14s970ms).
2018-08-03 10:45:08,276 [WARN] from com.zaxxer.hikari.pool.HikariPool in HikariPool-1 housekeeper - HikariPool-1 - Thread starvation or clock leap detected (housekeeper delta=2m53s493ms).
2018-08-03 10:51:02,618 [INFO] from application in application-akka.actor.default-dispatcher-3 - Shutting down connection pool.
2018-08-03 10:51:02,929 [INFO] from application in play-dev-mode-akka.actor.default-dispatcher-13 - Creating Pool for datasource 'default'
2018-08-03 10:51:02,934 [INFO] from play.api.db.HikariCPConnectionPool in play-dev-mode-akka.actor.default-dispatcher-13 - datasource [default] bound to JNDI as DefaultDS
2018-08-03 10:51:02,934 [INFO] from play.api.db.DefaultDBApi in play-dev-mode-akka.actor.default-dispatcher-13 - Database [default] connected at jdbc:h2:mem:play
2018-08-03 10:51:03,142 [INFO] from play.api.http.EnabledFilters in play-dev-mode-akka.actor.default-dispatcher-13 - Enabled Filters (see <https://www.playframework.com/documentation/latest/Filters>):

    play.filters.cors.CORSFilter

2018-08-03 10:51:03,195 [INFO] from play.api.Play in play-dev-mode-akka.actor.default-dispatcher-13 - Application started (Dev)
2018-08-03 10:51:03,476 [ERROR] from application in application-akka.actor.default-dispatcher-3 - 

! @78nbe9np6 - Internal server error, for (POST) [/registration] ->
 
play.api.http.HttpErrorHandlerExceptions$$anon$1: Execution exception[[DataIntegrityException: Error[NULL nicht zulässig für Feld "EMAIL" NULL not allowed for column "EMAIL"; SQL statement: insert into partner (name, email, password, url) values (?,?,?,?) [23502-194]]]]
	at play.api.http.HttpErrorHandlerExceptions$.throwableToUsefulException(HttpErrorHandler.scala:251)
	at play.api.http.DefaultHttpErrorHandler.onServerError(HttpErrorHandler.scala:178)
	at play.core.server.AkkaHttpServer$$anonfun$1.applyOrElse(AkkaHttpServer.scala:363)
	at play.core.server.AkkaHttpServer$$anonfun$1.applyOrElse(AkkaHttpServer.scala:361)
	at scala.concurrent.Future.$anonfun$recoverWith$1(Future.scala:412)
	at scala.concurrent.impl.Promise.$anonfun$transformWith$1(Promise.scala:37)
	at scala.concurrent.impl.CallbackRunnable.run(Promise.scala:60)
	at akka.dispatch.BatchingExecutor$AbstractBatch.processBatch(BatchingExecutor.scala:55)
	at akka.dispatch.BatchingExecutor$BlockableBatch.$anonfun$run$1(BatchingExecutor.scala:91)
	at scala.runtime.java8.JFunction0$mcV$sp.apply(JFunction0$mcV$sp.java:12)
	at scala.concurrent.BlockContext$.withBlockContext(BlockContext.scala:81)
	at akka.dispatch.BatchingExecutor$BlockableBatch.run(BatchingExecutor.scala:91)
	at akka.dispatch.TaskInvocation.run(AbstractDispatcher.scala:40)
	at akka.dispatch.ForkJoinExecutorConfigurator$AkkaForkJoinTask.exec(ForkJoinExecutorConfigurator.scala:43)
	at akka.dispatch.forkjoin.ForkJoinTask.doExec(ForkJoinTask.java:260)
	at akka.dispatch.forkjoin.ForkJoinPool$WorkQueue.runTask(ForkJoinPool.java:1339)
	at akka.dispatch.forkjoin.ForkJoinPool.runWorker(ForkJoinPool.java:1979)
	at akka.dispatch.forkjoin.ForkJoinWorkerThread.run(ForkJoinWorkerThread.java:107)
Caused by: io.ebean.DataIntegrityException: Error[NULL nicht zulässig für Feld "EMAIL" NULL not allowed for column "EMAIL"; SQL statement: insert into partner (name, email, password, url) values (?,?,?,?) [23502-194]]
	at io.ebean.config.dbplatform.SqlCodeTranslator.translate(SqlCodeTranslator.java:44)
	at io.ebean.config.dbplatform.DatabasePlatform.translate(DatabasePlatform.java:188)
	at io.ebeaninternal.server.persist.dml.DmlBeanPersister.execute(DmlBeanPersister.java:83)
	at io.ebeaninternal.server.persist.dml.DmlBeanPersister.insert(DmlBeanPersister.java:49)
	at io.ebeaninternal.server.core.PersistRequestBean.executeInsert(PersistRequestBean.java:1080)
	at io.ebeaninternal.server.core.PersistRequestBean.executeNow(PersistRequestBean.java:661)
	at io.ebeaninternal.server.core.PersistRequestBean.executeOrQueue(PersistRequestBean.java:707)
	at io.ebeaninternal.server.persist.DefaultPersister.insert(DefaultPersister.java:456)
	at io.ebeaninternal.server.persist.DefaultPersister.insert(DefaultPersister.java:406)
	at io.ebeaninternal.server.persist.DefaultPersister.save(DefaultPersister.java:393)
	at io.ebeaninternal.server.core.DefaultServer.save(DefaultServer.java:1569)
	at io.ebeaninternal.server.core.DefaultServer.save(DefaultServer.java:1561)
	at io.ebean.Model.save(Model.java:190)
	at services.DatabaseService2.insertNewPartner(DatabaseService2.java:38)
	at controllers.RegistrationController.createPartner(RegistrationController.java:36)
	at router.Routes$$anonfun$routes$1.$anonfun$applyOrElse$4(Routes.scala:101)
	at play.core.routing.HandlerInvokerFactory$$anon$3.resultCall(HandlerInvoker.scala:134)
	at play.core.routing.HandlerInvokerFactory$$anon$3.resultCall(HandlerInvoker.scala:133)
	at play.core.routing.HandlerInvokerFactory$JavaActionInvokerFactory$$anon$8$$anon$2$$anon$1.invocation(HandlerInvoker.scala:108)
	at play.core.j.JavaAction$$anon$1.call(JavaAction.scala:88)
	at play.http.DefaultActionCreator$1.call(DefaultActionCreator.java:31)
	at play.core.j.JavaAction.$anonfun$apply$8(JavaAction.scala:138)
	at scala.concurrent.Future$.$anonfun$apply$1(Future.scala:653)
	at scala.util.Success.$anonfun$map$1(Try.scala:251)
	at scala.util.Success.map(Try.scala:209)
	at scala.concurrent.Future.$anonfun$map$1(Future.scala:287)
	at scala.concurrent.impl.Promise.liftedTree1$1(Promise.scala:29)
	at scala.concurrent.impl.Promise.$anonfun$transform$1(Promise.scala:29)
	at scala.concurrent.impl.CallbackRunnable.run(Promise.scala:60)
	at play.core.j.HttpExecutionContext$$anon$2.run(HttpExecutionContext.scala:56)
	at play.api.libs.streams.Execution$trampoline$.execute(Execution.scala:70)
	at play.core.j.HttpExecutionContext.execute(HttpExecutionContext.scala:48)
	at scala.concurrent.impl.CallbackRunnable.executeWithValue(Promise.scala:68)
	at scala.concurrent.impl.Promise$KeptPromise$Kept.onComplete(Promise.scala:368)
	at scala.concurrent.impl.Promise$KeptPromise$Kept.onComplete$(Promise.scala:367)
	at scala.concurrent.impl.Promise$KeptPromise$Successful.onComplete(Promise.scala:375)
	at scala.concurrent.impl.Promise.transform(Promise.scala:29)
	at scala.concurrent.impl.Promise.transform$(Promise.scala:27)
	at scala.concurrent.impl.Promise$KeptPromise$Successful.transform(Promise.scala:375)
	at scala.concurrent.Future.map(Future.scala:287)
	at scala.concurrent.Future.map$(Future.scala:287)
	at scala.concurrent.impl.Promise$KeptPromise$Successful.map(Promise.scala:375)
	at scala.concurrent.Future$.apply(Future.scala:653)
	at play.core.j.JavaAction.apply(JavaAction.scala:138)
	at play.api.mvc.Action.$anonfun$apply$2(Action.scala:96)
	at scala.concurrent.Future.$anonfun$flatMap$1(Future.scala:302)
	... 13 common frames omitted
Caused by: org.h2.jdbc.JdbcSQLException: NULL nicht zulässig für Feld "EMAIL"
NULL not allowed for column "EMAIL"; SQL statement:
insert into partner (name, email, password, url) values (?,?,?,?) [23502-194]
	at org.h2.message.DbException.getJdbcSQLException(DbException.java:345)
	at org.h2.message.DbException.get(DbException.java:179)
	at org.h2.message.DbException.get(DbException.java:155)
	at org.h2.table.Column.validateConvertUpdateSequence(Column.java:311)
	at org.h2.table.Table.validateConvertUpdateSequence(Table.java:793)
	at org.h2.command.dml.Insert.insertRows(Insert.java:151)
	at org.h2.command.dml.Insert.update(Insert.java:114)
	at org.h2.command.CommandContainer.update(CommandContainer.java:101)
	at org.h2.command.Command.executeUpdate(Command.java:258)
	at org.h2.jdbc.JdbcPreparedStatement.executeUpdateInternal(JdbcPreparedStatement.java:160)
	at org.h2.jdbc.JdbcPreparedStatement.executeUpdate(JdbcPreparedStatement.java:146)
	at com.zaxxer.hikari.pool.ProxyPreparedStatement.executeUpdate(ProxyPreparedStatement.java:61)
	at com.zaxxer.hikari.pool.HikariProxyPreparedStatement.executeUpdate(HikariProxyPreparedStatement.java)
	at io.ebeaninternal.server.type.DataBind.executeUpdate(DataBind.java:82)
	at io.ebeaninternal.server.persist.dml.InsertHandler.execute(InsertHandler.java:122)
	at io.ebeaninternal.server.persist.dml.DmlBeanPersister.execute(DmlBeanPersister.java:73)
	... 56 common frames omitted
2018-08-03 10:52:46,882 [INFO] from application in application-akka.actor.default-dispatcher-6 - Shutting down connection pool.
2018-08-03 10:52:47,013 [INFO] from application in play-dev-mode-akka.actor.default-dispatcher-19 - Creating Pool for datasource 'default'
2018-08-03 10:52:47,016 [INFO] from play.api.db.HikariCPConnectionPool in play-dev-mode-akka.actor.default-dispatcher-19 - datasource [default] bound to JNDI as DefaultDS
2018-08-03 10:52:47,017 [INFO] from play.api.db.DefaultDBApi in play-dev-mode-akka.actor.default-dispatcher-19 - Database [default] connected at jdbc:h2:mem:play
2018-08-03 10:52:47,126 [INFO] from play.api.http.EnabledFilters in play-dev-mode-akka.actor.default-dispatcher-19 - Enabled Filters (see <https://www.playframework.com/documentation/latest/Filters>):

    play.filters.cors.CORSFilter

2018-08-03 10:52:47,164 [INFO] from play.api.Play in play-dev-mode-akka.actor.default-dispatcher-19 - Application started (Dev)
2018-08-03 10:52:47,177 [ERROR] from application in application-akka.actor.default-dispatcher-4 - 

! @78nbefl9k - Internal server error, for (POST) [/registration] ->
 
play.api.http.HttpErrorHandlerExceptions$$anon$1: Execution exception[[DataIntegrityException: Error[NULL nicht zulässig für Feld "PASSWORD" NULL not allowed for column "PASSWORD"; SQL statement: insert into partner (name, email, password, url) values (?,?,?,?) [23502-194]]]]
	at play.api.http.HttpErrorHandlerExceptions$.throwableToUsefulException(HttpErrorHandler.scala:251)
	at play.api.http.DefaultHttpErrorHandler.onServerError(HttpErrorHandler.scala:178)
	at play.core.server.AkkaHttpServer$$anonfun$1.applyOrElse(AkkaHttpServer.scala:363)
	at play.core.server.AkkaHttpServer$$anonfun$1.applyOrElse(AkkaHttpServer.scala:361)
	at scala.concurrent.Future.$anonfun$recoverWith$1(Future.scala:412)
	at scala.concurrent.impl.Promise.$anonfun$transformWith$1(Promise.scala:37)
	at scala.concurrent.impl.CallbackRunnable.run(Promise.scala:60)
	at akka.dispatch.BatchingExecutor$AbstractBatch.processBatch(BatchingExecutor.scala:55)
	at akka.dispatch.BatchingExecutor$BlockableBatch.$anonfun$run$1(BatchingExecutor.scala:91)
	at scala.runtime.java8.JFunction0$mcV$sp.apply(JFunction0$mcV$sp.java:12)
	at scala.concurrent.BlockContext$.withBlockContext(BlockContext.scala:81)
	at akka.dispatch.BatchingExecutor$BlockableBatch.run(BatchingExecutor.scala:91)
	at akka.dispatch.TaskInvocation.run(AbstractDispatcher.scala:40)
	at akka.dispatch.ForkJoinExecutorConfigurator$AkkaForkJoinTask.exec(ForkJoinExecutorConfigurator.scala:43)
	at akka.dispatch.forkjoin.ForkJoinTask.doExec(ForkJoinTask.java:260)
	at akka.dispatch.forkjoin.ForkJoinPool$WorkQueue.runTask(ForkJoinPool.java:1339)
	at akka.dispatch.forkjoin.ForkJoinPool.runWorker(ForkJoinPool.java:1979)
	at akka.dispatch.forkjoin.ForkJoinWorkerThread.run(ForkJoinWorkerThread.java:107)
Caused by: io.ebean.DataIntegrityException: Error[NULL nicht zulässig für Feld "PASSWORD" NULL not allowed for column "PASSWORD"; SQL statement: insert into partner (name, email, password, url) values (?,?,?,?) [23502-194]]
	at io.ebean.config.dbplatform.SqlCodeTranslator.translate(SqlCodeTranslator.java:44)
	at io.ebean.config.dbplatform.DatabasePlatform.translate(DatabasePlatform.java:188)
	at io.ebeaninternal.server.persist.dml.DmlBeanPersister.execute(DmlBeanPersister.java:83)
	at io.ebeaninternal.server.persist.dml.DmlBeanPersister.insert(DmlBeanPersister.java:49)
	at io.ebeaninternal.server.core.PersistRequestBean.executeInsert(PersistRequestBean.java:1080)
	at io.ebeaninternal.server.core.PersistRequestBean.executeNow(PersistRequestBean.java:661)
	at io.ebeaninternal.server.core.PersistRequestBean.executeOrQueue(PersistRequestBean.java:707)
	at io.ebeaninternal.server.persist.DefaultPersister.insert(DefaultPersister.java:456)
	at io.ebeaninternal.server.persist.DefaultPersister.insert(DefaultPersister.java:406)
	at io.ebeaninternal.server.persist.DefaultPersister.save(DefaultPersister.java:393)
	at io.ebeaninternal.server.core.DefaultServer.save(DefaultServer.java:1569)
	at io.ebeaninternal.server.core.DefaultServer.save(DefaultServer.java:1561)
	at io.ebean.Model.save(Model.java:190)
	at services.DatabaseService2.insertNewPartner(DatabaseService2.java:38)
	at controllers.RegistrationController.createPartner(RegistrationController.java:36)
	at router.Routes$$anonfun$routes$1.$anonfun$applyOrElse$4(Routes.scala:101)
	at play.core.routing.HandlerInvokerFactory$$anon$3.resultCall(HandlerInvoker.scala:134)
	at play.core.routing.HandlerInvokerFactory$$anon$3.resultCall(HandlerInvoker.scala:133)
	at play.core.routing.HandlerInvokerFactory$JavaActionInvokerFactory$$anon$8$$anon$2$$anon$1.invocation(HandlerInvoker.scala:108)
	at play.core.j.JavaAction$$anon$1.call(JavaAction.scala:88)
	at play.http.DefaultActionCreator$1.call(DefaultActionCreator.java:31)
	at play.core.j.JavaAction.$anonfun$apply$8(JavaAction.scala:138)
	at scala.concurrent.Future$.$anonfun$apply$1(Future.scala:653)
	at scala.util.Success.$anonfun$map$1(Try.scala:251)
	at scala.util.Success.map(Try.scala:209)
	at scala.concurrent.Future.$anonfun$map$1(Future.scala:287)
	at scala.concurrent.impl.Promise.liftedTree1$1(Promise.scala:29)
	at scala.concurrent.impl.Promise.$anonfun$transform$1(Promise.scala:29)
	at scala.concurrent.impl.CallbackRunnable.run(Promise.scala:60)
	at play.core.j.HttpExecutionContext$$anon$2.run(HttpExecutionContext.scala:56)
	at play.api.libs.streams.Execution$trampoline$.execute(Execution.scala:70)
	at play.core.j.HttpExecutionContext.execute(HttpExecutionContext.scala:48)
	at scala.concurrent.impl.CallbackRunnable.executeWithValue(Promise.scala:68)
	at scala.concurrent.impl.Promise$KeptPromise$Kept.onComplete(Promise.scala:368)
	at scala.concurrent.impl.Promise$KeptPromise$Kept.onComplete$(Promise.scala:367)
	at scala.concurrent.impl.Promise$KeptPromise$Successful.onComplete(Promise.scala:375)
	at scala.concurrent.impl.Promise.transform(Promise.scala:29)
	at scala.concurrent.impl.Promise.transform$(Promise.scala:27)
	at scala.concurrent.impl.Promise$KeptPromise$Successful.transform(Promise.scala:375)
	at scala.concurrent.Future.map(Future.scala:287)
	at scala.concurrent.Future.map$(Future.scala:287)
	at scala.concurrent.impl.Promise$KeptPromise$Successful.map(Promise.scala:375)
	at scala.concurrent.Future$.apply(Future.scala:653)
	at play.core.j.JavaAction.apply(JavaAction.scala:138)
	at play.api.mvc.Action.$anonfun$apply$2(Action.scala:96)
	at scala.concurrent.Future.$anonfun$flatMap$1(Future.scala:302)
	... 13 common frames omitted
Caused by: org.h2.jdbc.JdbcSQLException: NULL nicht zulässig für Feld "PASSWORD"
NULL not allowed for column "PASSWORD"; SQL statement:
insert into partner (name, email, password, url) values (?,?,?,?) [23502-194]
	at org.h2.message.DbException.getJdbcSQLException(DbException.java:345)
	at org.h2.message.DbException.get(DbException.java:179)
	at org.h2.message.DbException.get(DbException.java:155)
	at org.h2.table.Column.validateConvertUpdateSequence(Column.java:311)
	at org.h2.table.Table.validateConvertUpdateSequence(Table.java:793)
	at org.h2.command.dml.Insert.insertRows(Insert.java:151)
	at org.h2.command.dml.Insert.update(Insert.java:114)
	at org.h2.command.CommandContainer.update(CommandContainer.java:101)
	at org.h2.command.Command.executeUpdate(Command.java:258)
	at org.h2.jdbc.JdbcPreparedStatement.executeUpdateInternal(JdbcPreparedStatement.java:160)
	at org.h2.jdbc.JdbcPreparedStatement.executeUpdate(JdbcPreparedStatement.java:146)
	at com.zaxxer.hikari.pool.ProxyPreparedStatement.executeUpdate(ProxyPreparedStatement.java:61)
	at com.zaxxer.hikari.pool.HikariProxyPreparedStatement.executeUpdate(HikariProxyPreparedStatement.java)
	at io.ebeaninternal.server.type.DataBind.executeUpdate(DataBind.java:82)
	at io.ebeaninternal.server.persist.dml.InsertHandler.execute(InsertHandler.java:122)
	at io.ebeaninternal.server.persist.dml.DmlBeanPersister.execute(DmlBeanPersister.java:73)
	... 56 common frames omitted
2018-08-03 11:52:54,580 [WARN] from com.zaxxer.hikari.pool.HikariPool in HikariPool-3 housekeeper - HikariPool-3 - Thread starvation or clock leap detected (housekeeper delta=31m7s266ms).
2018-08-03 12:07:20,018 [WARN] from com.zaxxer.hikari.pool.HikariPool in HikariPool-3 housekeeper - HikariPool-3 - Thread starvation or clock leap detected (housekeeper delta=2m55s332ms).
2018-08-03 12:26:45,330 [WARN] from com.zaxxer.hikari.pool.HikariPool in HikariPool-3 housekeeper - HikariPool-3 - Thread starvation or clock leap detected (housekeeper delta=18m55s304ms).
2018-08-03 12:39:14,870 [WARN] from com.zaxxer.hikari.pool.HikariPool in HikariPool-3 housekeeper - HikariPool-3 - Thread starvation or clock leap detected (housekeeper delta=12m29s540ms).
2018-08-03 13:27:36,153 [WARN] from com.zaxxer.hikari.pool.HikariPool in HikariPool-3 housekeeper - HikariPool-3 - Thread starvation or clock leap detected (housekeeper delta=48m21s283ms).
2018-08-03 13:47:19,285 [WARN] from com.zaxxer.hikari.pool.HikariPool in HikariPool-3 housekeeper - HikariPool-3 - Thread starvation or clock leap detected (housekeeper delta=19m13s131ms).
2018-08-03 14:07:48,477 [WARN] from com.zaxxer.hikari.pool.HikariPool in HikariPool-3 housekeeper - HikariPool-3 - Thread starvation or clock leap detected (housekeeper delta=20m29s192ms).
2018-08-03 14:18:37,636 [WARN] from com.zaxxer.hikari.pool.HikariPool in HikariPool-3 housekeeper - HikariPool-3 - Thread starvation or clock leap detected (housekeeper delta=10m49s159ms).
2018-08-03 14:34:00,806 [WARN] from com.zaxxer.hikari.pool.HikariPool in HikariPool-3 housekeeper - HikariPool-3 - Thread starvation or clock leap detected (housekeeper delta=15m23s170ms).
2018-08-03 14:44:33,020 [WARN] from com.zaxxer.hikari.pool.HikariPool in HikariPool-3 housekeeper - HikariPool-3 - Thread starvation or clock leap detected (housekeeper delta=10m2s206ms).
2018-08-03 14:55:36,219 [WARN] from com.zaxxer.hikari.pool.HikariPool in HikariPool-3 housekeeper - HikariPool-3 - Thread starvation or clock leap detected (housekeeper delta=11m3s199ms).
2018-08-03 15:05:44,421 [WARN] from com.zaxxer.hikari.pool.HikariPool in HikariPool-3 housekeeper - HikariPool-3 - Thread starvation or clock leap detected (housekeeper delta=10m8s202ms).
2018-08-03 15:16:00,651 [WARN] from com.zaxxer.hikari.pool.HikariPool in HikariPool-3 housekeeper - HikariPool-3 - Thread starvation or clock leap detected (housekeeper delta=9m46s222ms).
2018-08-03 15:49:36,658 [WARN] from com.zaxxer.hikari.pool.HikariPool in HikariPool-3 housekeeper - HikariPool-3 - Thread starvation or clock leap detected (housekeeper delta=33m35s983ms).
2018-08-03 15:50:04,807 [WARN] from com.zaxxer.hikari.pool.HikariPool in HikariPool-3 housekeeper - HikariPool-3 - Retrograde clock change detected (housekeeper delta=28s172ms), soft-evicting connections from pool.
